This is pdfTeX, Version 3.1415926-2.5-1.40.14 (TeX Live 2013/Debian) (format=pdflatex 2016.11.20)  24 NOV 2016 12:57
entering extended mode
 restricted \write18 enabled.
 %&-line parsing enabled.
**master.tex
(./master.tex
LaTeX2e <2011/06/27>
Babel <3.9h> and hyphenation patterns for 2 languages loaded.
(./scu-thesis.cls
Document Class: scu-thesis 2013/10/01 SCU Thesis class
(/usr/share/texlive/texmf-dist/tex/latex/base/report.cls
Document Class: report 2007/10/19 v1.4h Standard LaTeX document class
(/usr/share/texlive/texmf-dist/tex/latex/base/size10.clo
File: size10.clo 2007/10/19 v1.4h Standard LaTeX file (size option)
)
\c@part=\count79
\c@chapter=\count80
\c@section=\count81
\c@subsection=\count82
\c@subsubsection=\count83
\c@paragraph=\count84
\c@subparagraph=\count85
\c@figure=\count86
\c@table=\count87
\abovecaptionskip=\skip41
\belowcaptionskip=\skip42
\bibindent=\dimen102
)
(/usr/share/texlive/texmf-dist/tex/latex/setspace/setspace.sty
Package: setspace 2011/12/19 v6.7a set line spacing
)
\@margintop=\skip43
\@marginbottom=\skip44
\@marginleft=\skip45
\@marginright=\skip46
\@bindingoffset=\skip47
\c@@authorcount=\count88
\c@@degreecount=\count89
\c@@departmentcount=\count90
\c@@itemcount=\count91
)
(/usr/share/texlive/texmf-dist/tex/latex/tools/tabularx.sty
Package: tabularx 1999/01/07 v2.07 `tabularx' package (DPC)

(/usr/share/texlive/texmf-dist/tex/latex/tools/array.sty
Package: array 2008/09/09 v2.4c Tabular extension package (FMi)
\col@sep=\dimen103
\extrarowheight=\dimen104
\NC@list=\toks14
\extratabsurround=\skip48
\backup@length=\skip49
)
\TX@col@width=\dimen105
\TX@old@table=\dimen106
\TX@old@col=\dimen107
\TX@target=\dimen108
\TX@delta=\dimen109
\TX@cols=\count92
\TX@ftn=\toks15
)
(/usr/share/texlive/texmf-dist/tex/latex/graphics/graphicx.sty
Package: graphicx 1999/02/16 v1.0f Enhanced LaTeX Graphics (DPC,SPQR)

(/usr/share/texlive/texmf-dist/tex/latex/graphics/keyval.sty
Package: keyval 1999/03/16 v1.13 key=value parser (DPC)
\KV@toks@=\toks16
)
(/usr/share/texlive/texmf-dist/tex/latex/graphics/graphics.sty
Package: graphics 2009/02/05 v1.0o Standard LaTeX Graphics (DPC,SPQR)

(/usr/share/texlive/texmf-dist/tex/latex/graphics/trig.sty
Package: trig 1999/03/16 v1.09 sin cos tan (DPC)
)
(/usr/share/texlive/texmf-dist/tex/latex/latexconfig/graphics.cfg
File: graphics.cfg 2010/04/23 v1.9 graphics configuration of TeX Live
)
Package graphics Info: Driver file: pdftex.def on input line 91.

(/usr/share/texlive/texmf-dist/tex/latex/pdftex-def/pdftex.def
File: pdftex.def 2011/05/27 v0.06d Graphics/color for pdfTeX

(/usr/share/texlive/texmf-dist/tex/generic/oberdiek/infwarerr.sty
Package: infwarerr 2010/04/08 v1.3 Providing info/warning/error messages (HO)
)
(/usr/share/texlive/texmf-dist/tex/generic/oberdiek/ltxcmds.sty
Package: ltxcmds 2011/11/09 v1.22 LaTeX kernel commands for general use (HO)
)
\Gread@gobject=\count93
))
\Gin@req@height=\dimen110
\Gin@req@width=\dimen111
)
(/usr/share/texlive/texmf-dist/tex/latex/float/float.sty
Package: float 2001/11/08 v1.3d Float enhancements (AL)
\c@float@type=\count94
\float@exts=\toks17
\float@box=\box26
\@float@everytoks=\toks18
\@floatcapt=\box27
) (./master.aux
(./abstract.aux) (./acknowledgments.aux) (./introduction.aux)
(./requirements.aux) (./usecase.aux) (./activitydiagrams.aux) (./boxsystem.aux)
(./printersystem.aux) (./testing.aux) (./society.aux) (./conclusion.aux)
(./references.aux) (./appendices.aux))
\openout1 = `master.aux'.

LaTeX Font Info:    Checking defaults for OML/cmm/m/it on input line 38.
LaTeX Font Info:    ... okay on input line 38.
LaTeX Font Info:    Checking defaults for T1/cmr/m/n on input line 38.
LaTeX Font Info:    ... okay on input line 38.
LaTeX Font Info:    Checking defaults for OT1/cmr/m/n on input line 38.
LaTeX Font Info:    ... okay on input line 38.
LaTeX Font Info:    Checking defaults for OMS/cmsy/m/n on input line 38.
LaTeX Font Info:    ... okay on input line 38.
LaTeX Font Info:    Checking defaults for OMX/cmex/m/n on input line 38.
LaTeX Font Info:    ... okay on input line 38.
LaTeX Font Info:    Checking defaults for U/cmr/m/n on input line 38.
LaTeX Font Info:    ... okay on input line 38.

(/usr/share/texlive/texmf-dist/tex/context/base/supp-pdf.mkii
[Loading MPS to PDF converter (version 2006.09.02).]
\scratchcounter=\count95
\scratchdimen=\dimen112
\scratchbox=\box28
\nofMPsegments=\count96
\nofMParguments=\count97
\everyMPshowfont=\toks19
\MPscratchCnt=\count98
\MPscratchDim=\dimen113
\MPnumerator=\count99
\makeMPintoPDFobject=\count100
\everyMPtoPDFconversion=\toks20
) (/usr/share/texlive/texmf-dist/tex/generic/oberdiek/pdftexcmds.sty
Package: pdftexcmds 2011/11/29 v0.20 Utility functions of pdfTeX for LuaTeX (HO
)

(/usr/share/texlive/texmf-dist/tex/generic/oberdiek/ifluatex.sty
Package: ifluatex 2010/03/01 v1.3 Provides the ifluatex switch (HO)
Package ifluatex Info: LuaTeX not detected.
)
(/usr/share/texlive/texmf-dist/tex/generic/oberdiek/ifpdf.sty
Package: ifpdf 2011/01/30 v2.3 Provides the ifpdf switch (HO)
Package ifpdf Info: pdfTeX in PDF mode is detected.
)
Package pdftexcmds Info: LuaTeX not detected.
Package pdftexcmds Info: \pdf@primitive is available.
Package pdftexcmds Info: \pdf@ifprimitive is available.
Package pdftexcmds Info: \pdfdraftmode found.
)
(/usr/share/texlive/texmf-dist/tex/latex/oberdiek/epstopdf-base.sty
Package: epstopdf-base 2010/02/09 v2.5 Base part for package epstopdf

(/usr/share/texlive/texmf-dist/tex/latex/oberdiek/grfext.sty
Package: grfext 2010/08/19 v1.1 Manage graphics extensions (HO)

(/usr/share/texlive/texmf-dist/tex/generic/oberdiek/kvdefinekeys.sty
Package: kvdefinekeys 2011/04/07 v1.3 Define keys (HO)
))
(/usr/share/texlive/texmf-dist/tex/latex/oberdiek/kvoptions.sty
Package: kvoptions 2011/06/30 v3.11 Key value format for package options (HO)

(/usr/share/texlive/texmf-dist/tex/generic/oberdiek/kvsetkeys.sty
Package: kvsetkeys 2012/04/25 v1.16 Key value parser (HO)

(/usr/share/texlive/texmf-dist/tex/generic/oberdiek/etexcmds.sty
Package: etexcmds 2011/02/16 v1.5 Avoid name clashes with e-TeX commands (HO)
Package etexcmds Info: Could not find \expanded.
(etexcmds)             That can mean that you are not using pdfTeX 1.50 or
(etexcmds)             that some package has redefined \expanded.
(etexcmds)             In the latter case, load this package earlier.
)))
Package grfext Info: Graphics extension search list:
(grfext)             [.png,.pdf,.jpg,.mps,.jpeg,.jbig2,.jb2,.PNG,.PDF,.JPG,.JPE
G,.JBIG2,.JB2,.eps]
(grfext)             \AppendGraphicsExtensions on input line 452.

(/usr/share/texlive/texmf-dist/tex/latex/latexconfig/epstopdf-sys.cfg
File: epstopdf-sys.cfg 2010/07/13 v1.3 Configuration of (r)epstopdf for TeX Liv
e
))
LaTeX Font Info:    External font `cmex10' loaded for size
(Font)              <7> on input line 39.
LaTeX Font Info:    External font `cmex10' loaded for size
(Font)              <5> on input line 39.

[1


{/var/lib/texmf/fonts/map/pdftex/updmap/pdftex.map}] [2]
\openout2 = `abstract.aux'.

 (./abstract.tex
Missing character: There is no ‚ in font cmr10!
Missing character: There is no Ä in font cmr10!
Missing character: There is no ô in font cmr10!
Missing character: There is no ‚ in font cmr10!
Missing character: There is no Ä in font cmr10!
Missing character: There is no ô in font cmr10!

Underfull \hbox (badness 10000) in paragraph at lines 2--5

 []

[3

])
\openout2 = `acknowledgments.aux'.

 (./acknowledgments.tex)
Underfull \hbox (badness 10000) in paragraph at lines 1--47

 []

[4


] (./master.toc [5


])
\tf@toc=\write3
\openout3 = `master.toc'.

 [6] (./master.lot)
\tf@lot=\write4
\openout4 = `master.lot'.

 [7

] (./master.lof)
\tf@lof=\write5
\openout5 = `master.lof'.

 [8

]
\openout2 = `introduction.aux'.


(./introduction.tex
Chapter 1.
Missing character: There is no ‚ in font cmr10!
Missing character: There is no Ä in font cmr10!
Missing character: There is no ô in font cmr10!
Missing character: There is no ‚ in font cmr10!
Missing character: There is no Ä in font cmr10!
Missing character: There is no ô in font cmr10!
Missing character: There is no ‚ in font cmr10!
Missing character: There is no Ä in font cmr10!
Missing character: There is no ô in font cmr10!
[1



] <images/printer-comparison-table.PNG, id=34, 483.68204pt x 216.4336pt>
File: images/printer-comparison-table.PNG Graphic file (type png)

<use images/printer-comparison-table.PNG>
Package pdftex.def Info: images/printer-comparison-table.PNG used on input line
 86.
(pdftex.def)             Requested size: 483.68085pt x 216.43304pt.

Overfull \hbox (50.06082pt too wide) in paragraph at lines 86--87
 [][] 
 []

[2]
Missing character: There is no ‚ in font cmr10!
Missing character: There is no Ä in font cmr10!
Missing character: There is no ô in font cmr10!
 [3 <./images/printer-comparison-table.PNG>]
Missing character: There is no ‚ in font cmr10!
Missing character: There is no Ä in font cmr10!
Missing character: There is no ô in font cmr10!
LaTeX Font Info:    Try loading font information for OMS+cmr on input line 118.


(/usr/share/texlive/texmf-dist/tex/latex/base/omscmr.fd
File: omscmr.fd 1999/05/25 v2.5h Standard LaTeX font definitions
)
LaTeX Font Info:    Font shape `OMS/cmr/m/n' in size <10> not available
(Font)              Font shape `OMS/cmsy/m/n' tried instead on input line 118.

Underfull \hbox (badness 10000) in paragraph at lines 118--119

 []

[4]) [5]
\openout2 = `requirements.aux'.

 (./requirements.tex
Chapter 2.
[6



]) [7]
\openout2 = `usecase.aux'.

 (./usecase.tex
Chapter 3.
Missing character: There is no Ô in font cmr10!
Missing character: There is no ¨ in font cmr10!
Missing character: There is no Å in font cmr10!
<images/box-use-case.PNG, id=58, 402.75468pt x 267.24844pt>
File: images/box-use-case.PNG Graphic file (type png)

<use images/box-use-case.PNG>
Package pdftex.def Info: images/box-use-case.PNG used on input line 9.
(pdftex.def)             Requested size: 402.7537pt x 267.24779pt.
 [8



 <./images/box-use-case.PNG>] [9]) [10]
\openout2 = `activitydiagrams.aux'.


(./activitydiagrams.tex
Chapter 4.
) [11



]
\openout2 = `boxsystem.aux'.

 (./boxsystem.tex
Chapter 5.
<images/box.png, id=73, 587.19376pt x 502.87875pt>
File: images/box.png Graphic file (type png)
 <use images/box.png>
Package pdftex.def Info: images/box.png used on input line 6.
(pdftex.def)             Requested size: 293.59616pt x 251.43875pt.
Missing character: There is no ‚ in font cmr10!
Missing character: There is no Ä in font cmr10!
Missing character: There is no ô in font cmr10!

[12



 <./images/box.png>]
<images/ui-home-screen.PNG, id=78, 508.52484pt x 350.43422pt>
File: images/ui-home-screen.PNG Graphic file (type png)

<use images/ui-home-screen.PNG>
Package pdftex.def Info: images/ui-home-screen.PNG used on input line 40.
(pdftex.def)             Requested size: 254.2618pt x 175.21667pt.

<images/ui-temp.PNG, id=79, 507.39563pt x 350.43422pt>
File: images/ui-temp.PNG Graphic file (type png)

<use images/ui-temp.PNG>
Package pdftex.def Info: images/ui-temp.PNG used on input line 47.
(pdftex.def)             Requested size: 253.69719pt x 175.21667pt.
 [13 <./images/ui-home-screen.PNG>]
<images/ui-light.PNG, id=84, 508.52484pt x 349.68141pt>
File: images/ui-light.PNG Graphic file (type png)

<use images/ui-light.PNG>
Package pdftex.def Info: images/ui-light.PNG used on input line 53.
(pdftex.def)             Requested size: 254.2618pt x 174.84027pt.
 <images/ui-image.PNG, id=85, 506.6428pt x 349.305pt>
File: images/ui-image.PNG Graphic file (type png)

<use images/ui-image.PNG>
Package pdftex.def Info: images/ui-image.PNG used on input line 58.
(pdftex.def)             Requested size: 253.32079pt x 174.65207pt.
 [14 <./images/ui-temp.PNG> <./images/ui-light.PNG> <./images/ui-image.PNG>] <i
mages/ui-begin.PNG, id=92, 506.6428pt x 350.81062pt>
File: images/ui-begin.PNG Graphic file (type png)

<use images/ui-begin.PNG>
Package pdftex.def Info: images/ui-begin.PNG used on input line 66.
(pdftex.def)             Requested size: 253.32079pt x 175.40488pt.

<images/ui-status-1.PNG, id=93, 506.2664pt x 348.55219pt>
File: images/ui-status-1.PNG Graphic file (type png)

<use images/ui-status-1.PNG>
Package pdftex.def Info: images/ui-status-1.PNG used on input line 75.
(pdftex.def)             Requested size: 253.13257pt x 174.27565pt.

<images/ui-add-dish.PNG, id=94, 508.52484pt x 350.43422pt>
File: images/ui-add-dish.PNG Graphic file (type png)

<use images/ui-add-dish.PNG>
Package pdftex.def Info: images/ui-add-dish.PNG used on input line 80.
(pdftex.def)             Requested size: 254.2618pt x 175.21667pt.
 [15 <./images/ui-begin.PNG> <./images/ui-status-1.PNG>] <images/ui-after-add.P
NG, id=100, 595.47469pt x 412.16484pt>
File: images/ui-after-add.PNG Graphic file (type png)

<use images/ui-after-add.PNG>
Package pdftex.def Info: images/ui-after-add.PNG used on input line 85.
(pdftex.def)             Requested size: 297.7366pt x 206.08191pt.

<images/ui-export.PNG, id=101, 509.27765pt x 351.56343pt>
File: images/ui-export.PNG Graphic file (type png)

<use images/ui-export.PNG>
Package pdftex.def Info: images/ui-export.PNG used on input line 93.
(pdftex.def)             Requested size: 254.6382pt x 175.78128pt.
 [16 <./images/ui-add-dish.PNG> <./images/ui-after-add.PNG>] [17 <./images/ui-e
xport.PNG>]) [18]
\openout2 = `printersystem.aux'.

 (./printersystem.tex
Chapter 6.
) [19



]
\openout2 = `testing.aux'.

 (./testing.tex
Chapter 7.
) [20



]
\openout2 = `society.aux'.

 (./society.tex
Chapter 8.
) [21



]
\openout2 = `conclusion.aux'.

 (./conclusion.tex
Chapter 9.
) [22



]
\openout2 = `references.aux'.

 (./references.tex
Chapter 10.
) [23



]
\openout2 = `appendices.aux'.

 (./appendices.tex
Chapter 11.
) [24



] (./master.aux (./abstract.aux) (./acknowledgments.aux)
(./introduction.aux) (./requirements.aux) (./usecase.aux)
(./activitydiagrams.aux) (./boxsystem.aux) (./printersystem.aux) (./testing.aux
) (./society.aux) (./conclusion.aux) (./references.aux) (./appendices.aux)) ) 
Here is how much of TeX's memory you used:
 1936 strings out of 495028
 27902 string characters out of 6181496
 89775 words of memory out of 5000000
 5025 multiletter control sequences out of 15000+600000
 6716 words of font info for 24 fonts, out of 8000000 for 9000
 14 hyphenation exceptions out of 8191
 37i,9n,26p,1189b,269s stack positions out of 5000i,500n,10000p,200000b,80000s
</
usr/share/texlive/texmf-dist/fonts/type1/public/amsfonts/cm/cmbx10.pfb></usr/sh
are/texlive/texmf-dist/fonts/type1/public/amsfonts/cm/cmbx12.pfb></usr/share/te
xlive/texmf-dist/fonts/type1/public/amsfonts/cm/cmr10.pfb></usr/share/texlive/t
exmf-dist/fonts/type1/public/amsfonts/cm/cmsy10.pfb></usr/share/texlive/texmf-d
ist/fonts/type1/public/amsfonts/cm/cmti10.pfb>
Output written on master.pdf (32 pages, 776219 bytes).
PDF statistics:
 152 PDF objects out of 1000 (max. 8388607)
 88 compressed objects within 1 object stream
 0 named destinations out of 1000 (max. 500000)
 61 words of extra memory for PDF output out of 10000 (max. 10000000)

